<?xml version="1.0" encoding="UTF-8"?>
<!-- Generated by org.testng.reporters.JUnitReportReporter -->
<testsuite hostname="DESKTOP-9C778NE" failures="0" tests="2" name="TestNG.Practice" time="2.197" errors="0" timestamp="10 Feb 2024 02:58:39 GMT" skipped="0">
  <testcase classname="TestNG.Practice" name="login" time="0.857"/>
  <testcase classname="TestNG.Practice" name="logout" time="1.340"/>
</testsuite> <!-- TestNG.Practice -->
