<?xml version="1.0" encoding="UTF-8"?>
<!-- Generated by org.testng.reporters.JUnitReportReporter -->
<testsuite hostname="DESKTOP-9C778NE" failures="0" tests="1" name="BatchExecution.ValidLogin" time="0.231" errors="0" timestamp="13 Feb 2024 04:26:22 GMT" skipped="0">
  <testcase classname="BatchExecution.ValidLogin" name="login" time="0.231"/>
</testsuite> <!-- BatchExecution.ValidLogin -->
