<?xml version="1.0" encoding="UTF-8"?>
<!-- Generated by org.testng.reporters.JUnitReportReporter -->
<testsuite hostname="DESKTOP-9C778NE" failures="0" tests="3" name="Assignments.Actitime_Login_CreateUser_Logout_TestNG" time="3.625" errors="0" timestamp="11 Feb 2024 09:47:25 GMT" skipped="0">
  <testcase classname="Assignments.Actitime_Login_CreateUser_Logout_TestNG" name="login" time="0.694"/>
  <testcase classname="Assignments.Actitime_Login_CreateUser_Logout_TestNG" name="createUser" time="2.763"/>
  <testcase classname="Assignments.Actitime_Login_CreateUser_Logout_TestNG" name="logout" time="0.168"/>
</testsuite> <!-- Assignments.Actitime_Login_CreateUser_Logout_TestNG -->
