<?xml version="1.0" encoding="UTF-8"?>
<!-- Generated by org.testng.reporters.JUnitReportReporter -->
<testsuite hostname="DESKTOP-9C778NE" failures="0" tests="1" name="DesignBaseTestUsingAnnotation.InvalidLogin" time="0.587" errors="0" timestamp="13 Feb 2024 03:45:17 GMT" skipped="0">
  <testcase classname="DesignBaseTestUsingAnnotation.InvalidLogin" name="invalidLogin" time="0.587"/>
</testsuite> <!-- DesignBaseTestUsingAnnotation.InvalidLogin -->
