<?xml version="1.0" encoding="UTF-8"?>
<!-- Generated by org.testng.reporters.JUnitReportReporter -->
<testsuite hostname="DESKTOP-9C778NE" failures="0" tests="2" name="com.TimeSheetManagementToolProject.ValidLoginTest" time="4.272" errors="0" timestamp="21 Feb 2024 04:13:27 GMT" skipped="0">
  <testcase classname="com.TimeSheetManagementToolProject.ValidLoginTest" name="login" time="1.698"/>
  <testcase classname="com.TimeSheetManagementToolProject.ValidLoginTest" name="login" time="2.574"/>
</testsuite> <!-- com.TimeSheetManagementToolProject.ValidLoginTest -->
