<?xml version="1.0" encoding="UTF-8"?>
<!-- Generated by org.testng.reporters.JUnitReportReporter -->
<testsuite hostname="DESKTOP-9C778NE" failures="0" tests="1" name="com.TimeSheetManagementToolProject.InvalidLoginTest" time="7.864" errors="0" timestamp="20 Feb 2024 04:34:06 GMT" skipped="0">
  <testcase classname="com.TimeSheetManagementToolProject.InvalidLoginTest" name="invalidLogin" time="7.864"/>
</testsuite> <!-- com.TimeSheetManagementToolProject.InvalidLoginTest -->
