<?xml version="1.0" encoding="UTF-8"?>
<!-- Generated by org.testng.reporters.JUnitReportReporter -->
<testsuite hostname="DESKTOP-9C778NE" failures="0" tests="1" name="com.TimeSheetManagementToolProject.CreateUserTest" time="14.267" errors="0" timestamp="20 Feb 2024 04:34:06 GMT" skipped="0">
  <testcase classname="com.TimeSheetManagementToolProject.CreateUserTest" name="createUser" time="14.267"/>
</testsuite> <!-- com.TimeSheetManagementToolProject.CreateUserTest -->
